<?xml version="1.0" encoding="UTF-8"?>
<!-- Generated by org.testng.reporters.JUnitXMLReporter -->
<testsuite hostname="Sunil-PC" name="Default test" tests="3" failures="0" timestamp="28 Apr 2018 04:09:25 GMT" time="51.697" errors="0">
  <testcase name="crmLogotest" time="0.086" classname="com.qa.test.LoginPageTest"/>
  <testcase name="loginPageTitletest" time="0.041" classname="com.qa.test.LoginPageTest"/>
  <testcase name="loginTest" time="26.502" classname="com.qa.test.LoginPageTest"/>
</testsuite> <!-- Default test -->
